Removed Pin From Net: NetName=3V3 Pin=R1-1
Removed Pin From Net: NetName=GND3 Pin=R1.2-2
Removed Pin From Net: NetName=GND3 Pin=R2.2-2
Removed Pin From Net: NetName=GND3 Pin=R3.2-2
Removed Pin From Net: NetName=LED_TEMP Pin=U1-2
Added Pin To Net: NetName=COM1 Pin=LED1-2
Added Pin To Net: NetName=COM2 Pin=LED2-2
Added Pin To Net: NetName=COM3 Pin=LED3-2
Added Pin To Net: NetName=LED_TEMP Pin=R1-1
Added Pin To Net: NetName=3V3 Pin=R1.2-2
Added Pin To Net: NetName=3V3 Pin=R2.2-2
Added Pin To Net: NetName=3V3 Pin=R3.2-2
Added Pin To Net: NetName=GND3 Pin=RL1-3
Added Pin To Net: NetName=GND3 Pin=RL2-3
Added Pin To Net: NetName=GND3 Pin=RL3-3
Added Pin To Net: NetName=GND3 Pin=U1-2
Added Pin To Net: NetName=NetLED1_1 Pin=LED1-1
Added Pin To Net: NetName=NetLED1_1 Pin=R1.2-1
Added Net: Name=NetLED1_1
Added Pin To Net: NetName=NetLED2_1 Pin=LED2-1
Added Pin To Net: NetName=NetLED2_1 Pin=R2.2-1
Added Net: Name=NetLED2_1
Added Pin To Net: NetName=NetLED3_1 Pin=LED3-1
Added Pin To Net: NetName=NetLED3_1 Pin=R3.2-1
Added Net: Name=NetLED3_1
Added Member To Class: ClassName=Sheet1 Member=Component C3 220uF
Added Member To Class: ClassName=Sheet1 Member=Component D1 1N4007
Added Member To Class: ClassName=Sheet1 Member=Component D2 1N4007
Added Member To Class: ClassName=Sheet1 Member=Component D3 1N4007
Added Member To Class: ClassName=Sheet1 Member=Component J1_2 DHT11
Added Member To Class: ClassName=Sheet1 Member=Component JP3 SharpGP2Y10
Added Member To Class: ClassName=Sheet1 Member=Component JP Nguon 3V3 JP2
Added Member To Class: ClassName=Sheet1 Member=Component JP Nguon 5V JP2
Added Member To Class: ClassName=Sheet1 Member=Component LED1 LED
Added Member To Class: ClassName=Sheet1 Member=Component LED2 LED
Added Member To Class: ClassName=Sheet1 Member=Component LED3 LED
Added Member To Class: ClassName=Sheet1 Member=Component QB1 C1815
Added Member To Class: ClassName=Sheet1 Member=Component QB2 C1815
Added Member To Class: ClassName=Sheet1 Member=Component QB3 C1815
Added Member To Class: ClassName=Sheet1 Member=Component R1.1 1K
Added Member To Class: ClassName=Sheet1 Member=Component R1.2 330
Added Member To Class: ClassName=Sheet1 Member=Component R1 1K
Added Member To Class: ClassName=Sheet1 Member=Component R2.1 1K
Added Member To Class: ClassName=Sheet1 Member=Component R2.2 330
Added Member To Class: ClassName=Sheet1 Member=Component R2 1K
Added Member To Class: ClassName=Sheet1 Member=Component R3.1 1K
Added Member To Class: ClassName=Sheet1 Member=Component R3.2 330
Added Member To Class: ClassName=Sheet1 Member=Component R3.3 150
Added Member To Class: ClassName=Sheet1 Member=Component R3 1K
Added Member To Class: ClassName=Sheet1 Member=Component RL1 Relay 5V
Added Member To Class: ClassName=Sheet1 Member=Component RL2 Relay 5V
Added Member To Class: ClassName=Sheet1 Member=Component RL3 Relay 5V
Added Member To Class: ClassName=Sheet1 Member=Component U1 PC817B
Added Member To Class: ClassName=Sheet1 Member=Component U1 ESP32-DEVKITC-32D
Added Member To Class: ClassName=Sheet1 Member=Component U2 PC817B
Added Member To Class: ClassName=Sheet1 Member=Component U3 PC817B
Added Room: Name=Sheet1
