Removed Pin From Net: NetName=3V3 Pin=U1-J2-1
Removed Pin From Net: NetName=Data Pin=U1-J2-7
Removed Pin From Net: NetName=V0 Pin=U1-J2-8
Removed Pin From Net: NetName=LED Pin=U1-J2-10
Removed Pin From Net: NetName=GND3 Pin=U1-J2-14
Removed Pin From Net: NetName=5V Pin=U1-J2-19
Removed Pin From Net: NetName=LED_TEMP Pin=U1-J3-3
Removed Pin From Net: NetName=LED_HUM Pin=U1-J3-10
Removed Pin From Net: NetName=LED_DUST Pin=U1-J3-13
Added Component: Designator=U?(MODULE_ESP32-DEVKITC-32E)
Add component (AddParameter): Name = "Check_prices"; Value = "https://www.snapeda.com/parts/ESP32-DEVKITC-32E/Espressif+Systems/view-part/?ref=eda"; VariantName = "[No Variations]"
Add component (AddParameter): Name = "MF"; Value = "Espressif Systems"; VariantName = "[No Variations]"
Add component (AddParameter): Name = "MP"; Value = "ESP32-DEVKITC-32E"; VariantName = "[No Variations]"
Add component (AddParameter): Name = "Package"; Value = "None"; VariantName = "[No Variations]"
Add component (AddParameter): Name = "SnapEDA_Link"; Value = "https://www.snapeda.com/parts/ESP32-DEVKITC-32E/Espressif+Systems/view-part/?ref=snap"; VariantName = "[No Variations]"
Add component (AddParameter): Name = "Value"; Value = ""; VariantName = "[No Variations]"
Added Pin To Net: NetName=3V3 Pin=U?-J2_1
Added Pin To Net: NetName=Data Pin=U?-J2_7
Added Pin To Net: NetName=V0 Pin=U?-J2_8
Added Pin To Net: NetName=LED Pin=U?-J2_10
Added Pin To Net: NetName=GND3 Pin=U?-J2_14
Added Pin To Net: NetName=5V Pin=U?-J2_19
Added Pin To Net: NetName=LED_TEMP Pin=U?-J3_3
Added Pin To Net: NetName=LED_HUM Pin=U?-J3_10
Added Pin To Net: NetName=LED_DUST Pin=U?-J3_13
Added Member To Class: ClassName=Sheet1 Member=Component U? ESP32-DEVKITC-32E
Added Room: Name=Sheet1
